<?xml version="1.0" encoding="UTF-8"?>
<!-- Generated by org.testng.reporters.JUnitXMLReporter -->
<testsuite ignored="2" hostname="DESKTOP-O0NLTGO" failures="0" tests="6" name="Test" time="0.088" errors="0" timestamp="2021-12-22T10:24:30 IST">
  <testcase classname="Dataprovider_external.TestCaseExternal" name="tc1" time="0.008"/>
  <testcase classname="Dataprovider_external.TestCaseExternal" name="tc1" time="0.002"/>
  <testcase classname="Dataprovider_external.TestCaseExternal" name="tc4" time="0.001"/>
  <testcase classname="Dataprovider_external.TestCaseExternal" name="tc4" time="0.001"/>
  <testcase classname="Dataprovider_external.TestCaseExternal" name="tc5" time="0.002"/>
  <testcase classname="Dataprovider_external.TestCaseExternal" name="tc5" time="0.001"/>
  <testcase classname="Dataprovider_external.TestCaseExternal" name="tc3" time="0.0">
    <ignored/>
  </testcase> <!-- tc3 -->
  <testcase classname="Dataprovider_external.TestCaseExternal" name="tc2" time="0.0">
    <ignored/>
  </testcase> <!-- tc2 -->
</testsuite> <!-- Test -->
