<?xml version="1.0" encoding="UTF-8"?>
<testng-results ignored="2" total="8" passed="6" failed="0" skipped="0">
  <reporter-output>
  </reporter-output>
  <suite started-at="2021-12-22T08:52:13 IST" name="Intial Suite" finished-at="2021-12-22T08:52:13 IST" duration-ms="83">
    <groups>
      <group name="bvt">
        <method signature="TestCaseExternal.tc1(java.lang.String,java.lang.String)[pri:0, instance:Dataprovider_external.TestCaseExternal@192d43ce]" name="tc1" class="Dataprovider_external.TestCaseExternal"/>
        <method signature="TestCaseExternal.tc4(java.lang.String,java.lang.String)[pri:0, instance:Dataprovider_external.TestCaseExternal@192d43ce]" name="tc4" class="Dataprovider_external.TestCaseExternal"/>
        <method signature="TestCaseExternal.tc5(java.lang.String,java.lang.String)[pri:0, instance:Dataprovider_external.TestCaseExternal@192d43ce]" name="tc5" class="Dataprovider_external.TestCaseExternal"/>
      </group> <!-- bvt -->
    </groups>
    <test started-at="2021-12-22T08:52:13 IST" name="Test" finished-at="2021-12-22T08:52:13 IST" duration-ms="83">
      <class name="Dataprovider_external.TestCaseExternal">
        <test-method signature="tc1(java.lang.String,java.lang.String)[pri:0, instance:Dataprovider_external.TestCaseExternal@192d43ce]" started-at="2021-12-22T08:52:13 IST" name="tc1" data-provider="loghin_user" finished-at="2021-12-22T08:52:13 IST" duration-ms="9" status="PASS">
          <params>
            <param index="0">
              <value>
                <![CDATA[trainee]]>
              </value>
            </param>
            <param index="1">
              <value>
                <![CDATA[trainee]]>
              </value>
            </param>
          </params>
          <reporter-output>
          </reporter-output>
        </test-method> <!-- tc1 -->
        <test-method signature="tc1(java.lang.String,java.lang.String)[pri:0, instance:Dataprovider_external.TestCaseExternal@192d43ce]" started-at="2021-12-22T08:52:13 IST" name="tc1" data-provider="loghin_user" finished-at="2021-12-22T08:52:13 IST" duration-ms="1" status="PASS">
          <params>
            <param index="0">
              <value>
                <![CDATA[trainee]]>
              </value>
            </param>
            <param index="1">
              <value>
                <![CDATA[trainee]]>
              </value>
            </param>
          </params>
          <reporter-output>
          </reporter-output>
        </test-method> <!-- tc1 -->
        <test-method signature="tc4(java.lang.String,java.lang.String)[pri:0, instance:Dataprovider_external.TestCaseExternal@192d43ce]" started-at="2021-12-22T08:52:13 IST" name="tc4" data-provider="acty_user" finished-at="2021-12-22T08:52:13 IST" duration-ms="1" status="PASS">
          <params>
            <param index="0">
              <value>
                <![CDATA[Arvind]]>
              </value>
            </param>
            <param index="1">
              <value>
                <![CDATA[trainee]]>
              </value>
            </param>
          </params>
          <reporter-output>
          </reporter-output>
        </test-method> <!-- tc4 -->
        <test-method signature="tc4(java.lang.String,java.lang.String)[pri:0, instance:Dataprovider_external.TestCaseExternal@192d43ce]" started-at="2021-12-22T08:52:13 IST" name="tc4" data-provider="acty_user" finished-at="2021-12-22T08:52:13 IST" duration-ms="1" status="PASS">
          <params>
            <param index="0">
              <value>
                <![CDATA[trainee]]>
              </value>
            </param>
            <param index="1">
              <value>
                <![CDATA[trainee]]>
              </value>
            </param>
          </params>
          <reporter-output>
          </reporter-output>
        </test-method> <!-- tc4 -->
        <test-method signature="tc5(java.lang.String,java.lang.String)[pri:0, instance:Dataprovider_external.TestCaseExternal@192d43ce]" started-at="2021-12-22T08:52:13 IST" name="tc5" data-provider="loghin_user" finished-at="2021-12-22T08:52:13 IST" duration-ms="1" status="PASS">
          <params>
            <param index="0">
              <value>
                <![CDATA[trainee]]>
              </value>
            </param>
            <param index="1">
              <value>
                <![CDATA[trainee]]>
              </value>
            </param>
          </params>
          <reporter-output>
          </reporter-output>
        </test-method> <!-- tc5 -->
        <test-method signature="tc5(java.lang.String,java.lang.String)[pri:0, instance:Dataprovider_external.TestCaseExternal@192d43ce]" started-at="2021-12-22T08:52:13 IST" name="tc5" data-provider="loghin_user" finished-at="2021-12-22T08:52:13 IST" duration-ms="1" status="PASS">
          <params>
            <param index="0">
              <value>
                <![CDATA[trainee]]>
              </value>
            </param>
            <param index="1">
              <value>
                <![CDATA[trainee]]>
              </value>
            </param>
          </params>
          <reporter-output>
          </reporter-output>
        </test-method> <!-- tc5 -->
      </class> <!-- Dataprovider_external.TestCaseExternal -->
    </test> <!-- Test -->
  </suite> <!-- Intial Suite -->
</testng-results>
